Arguments: 
  /home/gustavo/.nvm/versions/node/v14.16.1/bin/node /home/gustavo/.nvm/versions/node/v14.16.1/bin/yarn add @material-ui/core

PATH: 
  /home/gustavo/.asdf/shims:/home/gustavo/.asdf/bin:/home/gustavo/.vscode-server/bin/507ce72a4466fbb27b715c3722558bb15afa9f48/bin:/home/gustavo/.nvm/versions/node/v14.16.1/bin:/home/gustavo/.zinit/polaris/bin:/usr/local/sbin:/usr/local/bin:/usr/sbin:/usr/bin:/sbin:/bin:/usr/games:/usr/local/games:/mnt/c/Python39/Scripts/:/mnt/c/Python39/:/mnt/c/Windows/system32:/mnt/c/Windows:/mnt/c/Windows/System32/Wbem:/mnt/c/Windows/System32/WindowsPowerShell/v1.0/:/mnt/c/Windows/System32/OpenSSH/:/mnt/c/Program Files/NVIDIA Corporation/NVIDIA NvDLISR:/mnt/c/Program Files (x86)/NVIDIA Corporation/PhysX/Common:/mnt/c/Program Files/Git/cmd:/mnt/c/ProgramData/chocolatey/bin:/mnt/c/Users/Gustavo/anaconda3:/mnt/c/Users/Gustavo/anaconda3/Library/mingw-w64/bin:/mnt/c/Users/Gustavo/anaconda3/Library/usr/bin:/mnt/c/Users/Gustavo/anaconda3/Library/bin:/mnt/c/Users/Gustavo/anaconda3/Scripts:/mnt/c/Users/Gustavo/AppData/Local/Microsoft/WindowsApps:/mnt/c/Users/Gustavo/AppData/Local/Programs/Microsoft VS Code/bin:/mnt/c/Users/Gustavo/AppData/Local/hyper/app-3.0.2/resources/bin:/snap/bin

Yarn version: 
  1.22.10

Node version: 
  14.16.1

Platform: 
  linux x64

Trace: 
  Error: getaddrinfo EAI_AGAIN registry.yarnpkg.com
      at GetAddrInfoReqWrap.onlookup [as oncomplete] (dns.js:67:26)

npm manifest: 
  No manifest

yarn manifest: 
  No manifest

Lockfile: 
  # THIS IS AN AUTOGENERATED FILE. DO NOT EDIT THIS FILE DIRECTLY.
  # yarn lockfile v1
